INFO:root:------------------- START ------------------------
INFO:root:12/14/2017 07:18:03 PM: Training begins
INFO:root:Num epochs: 1, learning rate: 0.000100, keep prob: 1.00, batch size: 16
INFO:tensorflow:Restoring parameters from b'./data/vgg/variables/variables'
INFO:root:------------------- START ------------------------
INFO:root:12/14/2017 07:20:03 PM: Training begins
INFO:root:Num epochs: 10, learning rate: 0.000080, keep prob: 1.00, batch size: 16
INFO:tensorflow:Restoring parameters from b'./data/vgg/variables/variables'
INFO:tensorflow:Restoring parameters from b'./saved_model/variables/variables'
INFO:tensorflow:Restoring parameters from b'./saved_model/variables/variables'
INFO:tensorflow:Restoring parameters from b'./saved_model/variables/variables'
INFO:tensorflow:Restoring parameters from b'./saved_model/variables/variables'
INFO:tensorflow:Restoring parameters from b'./saved_model/variables/variables'
INFO:tensorflow:Restoring parameters from b'./saved_model/variables/variables'
INFO:tensorflow:Restoring parameters from b'./saved_model/variables/variables'
INFO:tensorflow:Restoring parameters from b'./saved_model/variables/variables'
INFO:tensorflow:Restoring parameters from b'./saved_model/variables/variables'
INFO:tensorflow:Restoring parameters from b'./saved_model/variables/variables'
INFO:tensorflow:Restoring parameters from b'./saved_model/variables/variables'
INFO:tensorflow:Restoring parameters from b'./saved_model/variables/variables'
INFO:tensorflow:Restoring parameters from b'./saved_model/variables/variables'
INFO:tensorflow:Restoring parameters from b'./saved_model/variables/variables'
INFO:tensorflow:Restoring parameters from b'./saved_model/variables/variables'
INFO:tensorflow:Restoring parameters from b'./saved_model/variables/variables'
INFO:tensorflow:Restoring parameters from b'./saved_model/variables/variables'
INFO:tensorflow:Restoring parameters from b'./saved_model/variables/variables'
INFO:tensorflow:Restoring parameters from b'./saved_model/variables/variables'
INFO:tensorflow:Restoring parameters from b'./saved_model/variables/variables'
INFO:tensorflow:Restoring parameters from b'./saved_model/variables/variables'
INFO:root:------------------- START ------------------------
INFO:root:12/19/2017 11:39:17 AM: Training begins
INFO:root:Num epochs: 1, learning rate: 0.000100, keep prob: 1.00, batch size: 16
INFO:tensorflow:Restoring parameters from b'./data/vgg/variables/variables'
INFO:root:------------------- START ------------------------
INFO:root:12/19/2017 11:40:43 AM: Training begins
INFO:root:Num epochs: 1, learning rate: 0.000100, keep prob: 1.00, batch size: 16
INFO:tensorflow:Restoring parameters from b'./data/vgg/variables/variables'
INFO:root:------------------- START ------------------------
INFO:root:12/19/2017 11:41:58 AM: Training begins
INFO:root:Num epochs: 1, learning rate: 0.000100, keep prob: 1.00, batch size: 16
INFO:tensorflow:Restoring parameters from b'./data/vgg/variables/variables'
INFO:tensorflow:Restoring parameters from b'./saved_model/variables/variables'
INFO:root:------------------- START ------------------------
INFO:root:12/19/2017 11:44:39 AM: Training begins
INFO:root:Num epochs: 1, learning rate: 0.000100, keep prob: 1.00, batch size: 16
INFO:tensorflow:Restoring parameters from b'./data/vgg/variables/variables'
INFO:root:------------------- START ------------------------
INFO:root:12/19/2017 11:48:38 AM: Training begins
INFO:root:Num epochs: 1, learning rate: 0.000100, keep prob: 1.00, batch size: 16
INFO:tensorflow:Restoring parameters from b'./data/vgg/variables/variables'
INFO:root:------------------- START ------------------------
INFO:root:12/19/2017 11:53:27 AM: Training begins
INFO:root:Num epochs: 1, learning rate: 0.000100, keep prob: 1.00, batch size: 16
INFO:tensorflow:Restoring parameters from b'./data/vgg/variables/variables'
INFO:root:------------------- START ------------------------
INFO:root:12/19/2017 11:55:07 AM: Training begins
INFO:root:------------------- START ------------------------
INFO:root:12/19/2017 11:55:21 AM: Training begins
INFO:root:Num epochs: 1, learning rate: 0.000100, keep prob: 1.00, batch size: 16
INFO:tensorflow:Restoring parameters from b'./data/vgg/variables/variables'
INFO:root:------------------- START ------------------------
INFO:root:12/19/2017 11:56:08 AM: Training begins
INFO:root:Num epochs: 1, learning rate: 0.000100, keep prob: 1.00, batch size: 16
INFO:tensorflow:Restoring parameters from b'./data/vgg/variables/variables'
INFO:root:------------------- START ------------------------
INFO:root:12/19/2017 11:56:21 AM: Training begins
INFO:root:Num epochs: 1, learning rate: 0.000100, keep prob: 1.00, batch size: 16
INFO:tensorflow:Restoring parameters from b'./data/vgg/variables/variables'
INFO:root:------------------- START ------------------------
INFO:root:12/19/2017 12:00:54 PM: Training begins
INFO:root:Num epochs: 1, learning rate: 0.000100, keep prob: 1.00, batch size: 16
INFO:tensorflow:Restoring parameters from b'./data/vgg/variables/variables'
INFO:root:Epoch 1: Training loss: 0.6983,  Validation loss: 0.6982
INFO:tensorflow:No assets to save.
INFO:tensorflow:No assets to write.
INFO:tensorflow:SavedModel written to: b'./saved_model/saved_model.pb'
INFO:root:-------------------- END ----------------------
INFO:root:------------------- START ------------------------
INFO:root:12/19/2017 12:41:36 PM: Training begins
INFO:root:Num epochs: 1, learning rate: 0.000100, keep prob: 1.00, batch size: 16
INFO:tensorflow:Restoring parameters from b'./saved_model/variables/variables'
